[01m[Kcc1plus:[m[K [01;31m[Kfatal error: [m[K/home/mariem/multi_robot_ws/src/explore/test/test_explore.cpp: No such file or directory
compilation terminated.
gmake[2]: *** [CMakeFiles/test_explore.dir/build.make:76: CMakeFiles/test_explore.dir/test/test_explore.cpp.o] Error 1
gmake[1]: *** [CMakeFiles/Makefile2:184: CMakeFiles/test_explore.dir/all] Error 2
gmake[1]: *** Waiting for unfinished jobs....
gmake: *** [Makefile:146: all] Error 2
