[0.026s] Invoking command in '/home/mariem/multi_robot_ws/build/explore_lite': CMAKE_PREFIX_PATH=${CMAKE_PREFIX_PATH}:/home/mariem/multi_robot_ws/install/merge_map:/home/mariem/my_ros2_ws/install/my_turtlebot_gazebo:/opt/ros/humble /usr/bin/cmake --build /home/mariem/multi_robot_ws/build/explore_lite -- -j16 -l16
[0.280s] [ 20%] Built target gtest
[0.281s] [ 40%] Built target gtest_main
[0.281s] [ 50%] [32mBuilding CXX object CMakeFiles/explore.dir/src/costmap_client.cpp.o[0m
[0.281s] [ 60%] [32mBuilding CXX object CMakeFiles/explore.dir/src/explore.cpp.o[0m
[0.281s] [ 70%] [32mBuilding CXX object CMakeFiles/explore.dir/src/frontier_search.cpp.o[0m
[0.281s] [ 80%] [32mBuilding CXX object CMakeFiles/test_explore.dir/test/test_explore.cpp.o[0m
[0.281s] [01m[Kcc1plus:[m[K [01;31m[Kfatal error: [m[K/home/mariem/multi_robot_ws/src/explore/test/test_explore.cpp: No such file or directory
[0.282s] compilation terminated.
[0.282s] gmake[2]: *** [CMakeFiles/test_explore.dir/build.make:76: CMakeFiles/test_explore.dir/test/test_explore.cpp.o] Error 1
[0.282s] gmake[1]: *** [CMakeFiles/Makefile2:184: CMakeFiles/test_explore.dir/all] Error 2
[0.282s] gmake[1]: *** Waiting for unfinished jobs....
[12.525s] [ 90%] [32m[1mLinking CXX executable explore[0m
[14.128s] [ 90%] Built target explore
[14.129s] gmake: *** [Makefile:146: all] Error 2
[14.132s] Invoked command in '/home/mariem/multi_robot_ws/build/explore_lite' returned '2': CMAKE_PREFIX_PATH=${CMAKE_PREFIX_PATH}:/home/mariem/multi_robot_ws/install/merge_map:/home/mariem/my_ros2_ws/install/my_turtlebot_gazebo:/opt/ros/humble /usr/bin/cmake --build /home/mariem/multi_robot_ws/build/explore_lite -- -j16 -l16
